2025-01-21 11:10:43,643 INFO o.a.j.u.JMeterUtils: Setting Locale to en_EN
2025-01-21 11:10:43,689 INFO o.a.j.JMeter: Loading user properties from: user.properties
2025-01-21 11:10:43,689 INFO o.a.j.JMeter: Loading system properties from: system.properties
2025-01-21 11:10:43,689 INFO o.a.j.JMeter: Copyright (c) 1998-2024 The Apache Software Foundation
2025-01-21 11:10:43,689 INFO o.a.j.JMeter: Version 5.6.3
2025-01-21 11:10:43,689 INFO o.a.j.JMeter: java.version=11.0.12
2025-01-21 11:10:43,689 INFO o.a.j.JMeter: java.vm.name=OpenJDK 64-Bit Server VM
2025-01-21 11:10:43,689 INFO o.a.j.JMeter: os.name=Windows 10
2025-01-21 11:10:43,689 INFO o.a.j.JMeter: os.arch=amd64
2025-01-21 11:10:43,689 INFO o.a.j.JMeter: os.version=10.0
2025-01-21 11:10:43,689 INFO o.a.j.JMeter: file.encoding=Cp1252
2025-01-21 11:10:43,689 INFO o.a.j.JMeter: java.awt.headless=null
2025-01-21 11:10:43,689 INFO o.a.j.JMeter: Max memory     =1073741824
2025-01-21 11:10:43,689 INFO o.a.j.JMeter: Available Processors =12
2025-01-21 11:10:43,705 INFO o.a.j.JMeter: Default Locale=English (EN)
2025-01-21 11:10:43,705 INFO o.a.j.JMeter: JMeter  Locale=English (EN)
2025-01-21 11:10:43,705 INFO o.a.j.JMeter: JMeterHome=C:\Program Files\apache-jmeter-5.6.3
2025-01-21 11:10:43,705 INFO o.a.j.JMeter: user.dir  =C:\Program Files\apache-jmeter-5.6.3\bin
2025-01-21 11:10:43,705 INFO o.a.j.JMeter: PWD       =C:\Program Files\apache-jmeter-5.6.3\bin
2025-01-21 11:10:43,721 INFO o.a.j.JMeter: IP: 192.168.0.121 Name: Beniel FullName: Beniel
2025-01-21 11:10:43,746 INFO o.a.j.JMeter: Loaded icon properties from org/apache/jmeter/images/icon.properties
2025-01-21 11:10:44,056 INFO o.a.j.JMeterGuiLauncher: Setting LAF to: laf:javax.swing.plaf.metal.MetalLookAndFeel
2025-01-21 11:11:33,858 INFO o.a.j.p.h.c.CookieManager: Settings: Delete null: true Check: true Allow variable: true Save: false Prefix: COOKIE_
2025-01-21 11:11:39,991 INFO o.a.j.p.h.c.CacheManager: Will only cache the following methods: [GET]
2025-01-21 11:11:56,679 INFO o.a.j.p.h.s.HTTPSamplerBase: Parser for text/html is org.apache.jmeter.protocol.http.parser.LagartoBasedHtmlParser
2025-01-21 11:11:56,679 INFO o.a.j.p.h.s.HTTPSamplerBase: Parser for application/xhtml+xml is org.apache.jmeter.protocol.http.parser.LagartoBasedHtmlParser
2025-01-21 11:11:56,679 INFO o.a.j.p.h.s.HTTPSamplerBase: Parser for application/xml is org.apache.jmeter.protocol.http.parser.LagartoBasedHtmlParser
2025-01-21 11:11:56,679 INFO o.a.j.p.h.s.HTTPSamplerBase: Parser for text/xml is org.apache.jmeter.protocol.http.parser.LagartoBasedHtmlParser
2025-01-21 11:11:56,679 INFO o.a.j.p.h.s.HTTPSamplerBase: Parser for text/vnd.wap.wml is org.apache.jmeter.protocol.http.parser.RegexpHTMLParser
2025-01-21 11:11:56,679 INFO o.a.j.p.h.s.HTTPSamplerBase: Parser for text/css is org.apache.jmeter.protocol.http.parser.CssParser
2025-01-21 11:12:09,028 INFO o.a.j.s.SampleResult: Note: Sample TimeStamps are START times
2025-01-21 11:12:09,028 INFO o.a.j.s.SampleResult: sampleresult.default.encoding is set to UTF-8
2025-01-21 11:12:09,028 INFO o.a.j.s.SampleResult: sampleresult.useNanoTime=true
2025-01-21 11:12:09,028 INFO o.a.j.s.SampleResult: sampleresult.nanoThreadSleep=5000
2025-01-21 11:13:29,152 INFO o.a.j.s.FileServer: Default base='C:\Program Files\apache-jmeter-5.6.3\bin'
2025-01-21 11:13:29,152 INFO o.a.j.s.FileServer: Set new base='C:\Beniel\JMeter'
2025-01-21 11:13:29,404 INFO o.a.j.s.SaveService: Testplan (JMX) version: 2.2. Testlog (JTL) version: 2.2
2025-01-21 11:13:29,428 INFO o.a.j.s.SaveService: Using SaveService properties version 5.0
2025-01-21 11:13:29,428 INFO o.a.j.s.SaveService: Using SaveService properties file encoding UTF-8
2025-01-21 11:13:31,887 INFO o.a.j.e.StandardJMeterEngine: Running the test!
2025-01-21 11:13:31,893 INFO o.a.j.s.SampleEvent: List of sample_variables: []
2025-01-21 11:13:31,893 INFO o.a.j.s.SampleEvent: List of sample_variables: []
2025-01-21 11:13:31,895 INFO o.a.j.e.u.CompoundVariable: Note: Function class names must contain the string: '.functions.'
2025-01-21 11:13:31,895 INFO o.a.j.e.u.CompoundVariable: Note: Function class names must not contain the string: '.gui.'
2025-01-21 11:13:32,324 INFO o.a.j.g.u.JMeterMenuBar: setRunning(true, *local*)
2025-01-21 11:13:32,369 INFO o.a.j.e.StandardJMeterEngine: Starting ThreadGroup: 1 : Thread Group
2025-01-21 11:13:32,369 INFO o.a.j.e.StandardJMeterEngine: Starting 1 threads for group Thread Group.
2025-01-21 11:13:32,369 INFO o.a.j.e.StandardJMeterEngine: Thread will continue on error
2025-01-21 11:13:32,382 INFO o.a.j.t.ThreadGroup: Starting thread group... number=1 threads=1 ramp-up=1 delayedStart=false
2025-01-21 11:13:32,383 INFO o.a.j.t.ThreadGroup: Started thread group number 1
2025-01-21 11:13:32,383 INFO o.a.j.e.StandardJMeterEngine: All thread groups have been started
2025-01-21 11:13:32,383 INFO o.a.j.t.JMeterThread: Thread started: Thread Group 1-1
2025-01-21 11:13:32,412 INFO o.a.j.p.h.s.HTTPHCAbstractImpl: Local host = Beniel
2025-01-21 11:13:32,420 INFO o.a.j.p.h.s.HTTPHC4Impl: HTTP request retry count = 0
2025-01-21 11:13:32,535 INFO o.a.j.p.h.s.h.LazyLayeredConnectionSocketFactory: Setting up HTTPS TrustAll Socket Factory
2025-01-21 11:13:32,539 INFO o.a.j.u.JsseSSLManager: Using default SSL protocol: TLS
2025-01-21 11:13:32,539 INFO o.a.j.u.JsseSSLManager: SSL session context: per-thread
2025-01-21 11:13:32,664 INFO o.a.j.u.SSLManager: JmeterKeyStore Location:  type JKS
2025-01-21 11:13:32,671 INFO o.a.j.u.SSLManager: KeyStore created OK
2025-01-21 11:13:32,671 WARN o.a.j.u.SSLManager: Keystore file not found, loading empty keystore
2025-01-21 11:13:33,306 INFO o.a.j.t.JMeterThread: Thread is done: Thread Group 1-1
2025-01-21 11:13:33,306 INFO o.a.j.t.JMeterThread: Thread finished: Thread Group 1-1
2025-01-21 11:13:33,310 INFO o.a.j.e.StandardJMeterEngine: Notifying test listeners of end of test
2025-01-21 11:13:33,310 INFO o.a.j.g.u.JMeterMenuBar: setRunning(false, *local*)
2025-01-21 11:15:27,213 INFO o.a.j.e.StandardJMeterEngine: Running the test!
2025-01-21 11:15:27,213 INFO o.a.j.s.SampleEvent: List of sample_variables: []
2025-01-21 11:15:27,230 INFO o.a.j.g.u.JMeterMenuBar: setRunning(true, *local*)
2025-01-21 11:15:27,276 INFO o.a.j.e.StandardJMeterEngine: Starting ThreadGroup: 1 : Post Req
2025-01-21 11:15:27,276 INFO o.a.j.e.StandardJMeterEngine: Starting 1 threads for group Post Req.
2025-01-21 11:15:27,276 INFO o.a.j.e.StandardJMeterEngine: Thread will continue on error
2025-01-21 11:15:27,276 INFO o.a.j.t.ThreadGroup: Starting thread group... number=1 threads=1 ramp-up=1 delayedStart=false
2025-01-21 11:15:27,276 INFO o.a.j.t.ThreadGroup: Started thread group number 1
2025-01-21 11:15:27,276 INFO o.a.j.e.StandardJMeterEngine: All thread groups have been started
2025-01-21 11:15:27,283 INFO o.a.j.t.JMeterThread: Thread started: Post Req 1-1
2025-01-21 11:15:27,626 INFO o.a.j.t.JMeterThread: Thread is done: Post Req 1-1
2025-01-21 11:15:27,626 INFO o.a.j.t.JMeterThread: Thread finished: Post Req 1-1
2025-01-21 11:15:27,626 INFO o.a.j.e.StandardJMeterEngine: Notifying test listeners of end of test
2025-01-21 11:15:27,626 INFO o.a.j.g.u.JMeterMenuBar: setRunning(false, *local*)
2025-01-21 11:17:21,041 INFO o.a.j.e.StandardJMeterEngine: Running the test!
2025-01-21 11:17:21,041 INFO o.a.j.s.SampleEvent: List of sample_variables: []
2025-01-21 11:17:21,049 INFO o.a.j.g.u.JMeterMenuBar: setRunning(true, *local*)
2025-01-21 11:17:21,089 INFO o.a.j.e.StandardJMeterEngine: Starting ThreadGroup: 1 : Post Req
2025-01-21 11:17:21,089 INFO o.a.j.e.StandardJMeterEngine: Starting 1 threads for group Post Req.
2025-01-21 11:17:21,089 INFO o.a.j.e.StandardJMeterEngine: Thread will continue on error
2025-01-21 11:17:21,089 INFO o.a.j.t.ThreadGroup: Starting thread group... number=1 threads=1 ramp-up=1 delayedStart=false
2025-01-21 11:17:21,089 INFO o.a.j.t.ThreadGroup: Started thread group number 1
2025-01-21 11:17:21,089 INFO o.a.j.e.StandardJMeterEngine: All thread groups have been started
2025-01-21 11:17:21,096 INFO o.a.j.t.JMeterThread: Thread started: Post Req 1-1
2025-01-21 11:17:21,423 INFO o.a.j.t.JMeterThread: Thread is done: Post Req 1-1
2025-01-21 11:17:21,423 INFO o.a.j.t.JMeterThread: Thread finished: Post Req 1-1
2025-01-21 11:17:21,423 INFO o.a.j.e.StandardJMeterEngine: Notifying test listeners of end of test
2025-01-21 11:17:21,423 INFO o.a.j.g.u.JMeterMenuBar: setRunning(false, *local*)
2025-01-21 11:18:25,308 INFO o.a.j.e.StandardJMeterEngine: Running the test!
2025-01-21 11:18:25,308 INFO o.a.j.s.SampleEvent: List of sample_variables: []
2025-01-21 11:18:25,312 INFO o.a.j.g.u.JMeterMenuBar: setRunning(true, *local*)
2025-01-21 11:18:25,355 INFO o.a.j.e.StandardJMeterEngine: Starting ThreadGroup: 1 : Put Req
2025-01-21 11:18:25,355 INFO o.a.j.e.StandardJMeterEngine: Starting 1 threads for group Put Req.
2025-01-21 11:18:25,355 INFO o.a.j.e.StandardJMeterEngine: Thread will continue on error
2025-01-21 11:18:25,355 INFO o.a.j.t.ThreadGroup: Starting thread group... number=1 threads=1 ramp-up=1 delayedStart=false
2025-01-21 11:18:25,355 INFO o.a.j.t.ThreadGroup: Started thread group number 1
2025-01-21 11:18:25,355 INFO o.a.j.e.StandardJMeterEngine: All thread groups have been started
2025-01-21 11:18:25,362 INFO o.a.j.t.JMeterThread: Thread started: Put Req 1-1
2025-01-21 11:18:25,672 INFO o.a.j.t.JMeterThread: Thread is done: Put Req 1-1
2025-01-21 11:18:25,672 INFO o.a.j.t.JMeterThread: Thread finished: Put Req 1-1
2025-01-21 11:18:25,674 INFO o.a.j.e.StandardJMeterEngine: Notifying test listeners of end of test
2025-01-21 11:18:25,674 INFO o.a.j.g.u.JMeterMenuBar: setRunning(false, *local*)
2025-01-21 11:19:17,734 INFO o.a.j.e.StandardJMeterEngine: Running the test!
2025-01-21 11:19:17,734 INFO o.a.j.s.SampleEvent: List of sample_variables: []
2025-01-21 11:19:17,740 INFO o.a.j.g.u.JMeterMenuBar: setRunning(true, *local*)
2025-01-21 11:19:17,776 INFO o.a.j.e.StandardJMeterEngine: Starting ThreadGroup: 1 : Patch Req
2025-01-21 11:19:17,788 INFO o.a.j.e.StandardJMeterEngine: Starting 1 threads for group Patch Req.
2025-01-21 11:19:17,788 INFO o.a.j.e.StandardJMeterEngine: Thread will continue on error
2025-01-21 11:19:17,788 INFO o.a.j.t.ThreadGroup: Starting thread group... number=1 threads=1 ramp-up=1 delayedStart=false
2025-01-21 11:19:17,788 INFO o.a.j.t.ThreadGroup: Started thread group number 1
2025-01-21 11:19:17,788 INFO o.a.j.e.StandardJMeterEngine: All thread groups have been started
2025-01-21 11:19:17,791 INFO o.a.j.t.JMeterThread: Thread started: Patch Req 1-1
2025-01-21 11:19:18,092 INFO o.a.j.t.JMeterThread: Thread is done: Patch Req 1-1
2025-01-21 11:19:18,092 INFO o.a.j.t.JMeterThread: Thread finished: Patch Req 1-1
2025-01-21 11:19:18,092 INFO o.a.j.e.StandardJMeterEngine: Notifying test listeners of end of test
2025-01-21 11:19:18,092 INFO o.a.j.g.u.JMeterMenuBar: setRunning(false, *local*)
2025-01-21 11:19:46,774 INFO o.a.j.e.StandardJMeterEngine: Running the test!
2025-01-21 11:19:46,774 INFO o.a.j.s.SampleEvent: List of sample_variables: []
2025-01-21 11:19:46,782 INFO o.a.j.g.u.JMeterMenuBar: setRunning(true, *local*)
2025-01-21 11:19:46,826 INFO o.a.j.e.StandardJMeterEngine: Starting ThreadGroup: 1 : Patch Req
2025-01-21 11:19:46,826 INFO o.a.j.e.StandardJMeterEngine: Starting 1 threads for group Patch Req.
2025-01-21 11:19:46,826 INFO o.a.j.e.StandardJMeterEngine: Thread will continue on error
2025-01-21 11:19:46,826 INFO o.a.j.t.ThreadGroup: Starting thread group... number=1 threads=1 ramp-up=1 delayedStart=false
2025-01-21 11:19:46,827 INFO o.a.j.t.ThreadGroup: Started thread group number 1
2025-01-21 11:19:46,827 INFO o.a.j.e.StandardJMeterEngine: All thread groups have been started
2025-01-21 11:19:46,827 INFO o.a.j.t.JMeterThread: Thread started: Patch Req 1-1
2025-01-21 11:19:47,118 INFO o.a.j.t.JMeterThread: Thread is done: Patch Req 1-1
2025-01-21 11:19:47,124 INFO o.a.j.t.JMeterThread: Thread finished: Patch Req 1-1
2025-01-21 11:19:47,124 INFO o.a.j.e.StandardJMeterEngine: Notifying test listeners of end of test
2025-01-21 11:19:47,124 INFO o.a.j.g.u.JMeterMenuBar: setRunning(false, *local*)
2025-01-21 11:20:31,511 INFO o.a.j.e.StandardJMeterEngine: Running the test!
2025-01-21 11:20:31,511 INFO o.a.j.s.SampleEvent: List of sample_variables: []
2025-01-21 11:20:31,518 INFO o.a.j.g.u.JMeterMenuBar: setRunning(true, *local*)
2025-01-21 11:20:31,523 INFO o.a.j.e.StandardJMeterEngine: Starting ThreadGroup: 1 : Get Req
2025-01-21 11:20:31,523 INFO o.a.j.e.StandardJMeterEngine: Starting 1 threads for group Get Req.
2025-01-21 11:20:31,523 INFO o.a.j.e.StandardJMeterEngine: Thread will continue on error
2025-01-21 11:20:31,523 INFO o.a.j.t.ThreadGroup: Starting thread group... number=1 threads=1 ramp-up=1 delayedStart=false
2025-01-21 11:20:31,523 INFO o.a.j.t.ThreadGroup: Started thread group number 1
2025-01-21 11:20:31,523 INFO o.a.j.e.StandardJMeterEngine: Starting ThreadGroup: 2 : Post Req
2025-01-21 11:20:31,523 INFO o.a.j.e.StandardJMeterEngine: Starting 1 threads for group Post Req.
2025-01-21 11:20:31,523 INFO o.a.j.e.StandardJMeterEngine: Thread will continue on error
2025-01-21 11:20:31,523 INFO o.a.j.t.ThreadGroup: Starting thread group... number=2 threads=1 ramp-up=1 delayedStart=false
2025-01-21 11:20:31,523 INFO o.a.j.t.ThreadGroup: Started thread group number 2
2025-01-21 11:20:31,523 INFO o.a.j.t.JMeterThread: Thread started: Get Req 1-1
2025-01-21 11:20:31,526 INFO o.a.j.e.StandardJMeterEngine: Starting ThreadGroup: 3 : Put Req
2025-01-21 11:20:31,526 INFO o.a.j.e.StandardJMeterEngine: Starting 1 threads for group Put Req.
2025-01-21 11:20:31,526 INFO o.a.j.e.StandardJMeterEngine: Thread will continue on error
2025-01-21 11:20:31,526 INFO o.a.j.t.ThreadGroup: Starting thread group... number=3 threads=1 ramp-up=1 delayedStart=false
2025-01-21 11:20:31,527 INFO o.a.j.t.JMeterThread: Thread started: Post Req 2-1
2025-01-21 11:20:31,529 INFO o.a.j.t.ThreadGroup: Started thread group number 3
2025-01-21 11:20:31,530 INFO o.a.j.e.StandardJMeterEngine: Starting ThreadGroup: 4 : Patch Req
2025-01-21 11:20:31,530 INFO o.a.j.e.StandardJMeterEngine: Starting 1 threads for group Patch Req.
2025-01-21 11:20:31,530 INFO o.a.j.t.JMeterThread: Thread started: Put Req 3-1
2025-01-21 11:20:31,530 INFO o.a.j.e.StandardJMeterEngine: Thread will continue on error
2025-01-21 11:20:31,530 INFO o.a.j.t.ThreadGroup: Starting thread group... number=4 threads=1 ramp-up=1 delayedStart=false
2025-01-21 11:20:31,533 INFO o.a.j.t.ThreadGroup: Started thread group number 4
2025-01-21 11:20:31,533 INFO o.a.j.e.StandardJMeterEngine: Starting ThreadGroup: 5 : Delete Req
2025-01-21 11:20:31,533 INFO o.a.j.e.StandardJMeterEngine: Starting 1 threads for group Delete Req.
2025-01-21 11:20:31,533 INFO o.a.j.e.StandardJMeterEngine: Thread will continue on error
2025-01-21 11:20:31,533 INFO o.a.j.t.ThreadGroup: Starting thread group... number=5 threads=1 ramp-up=1 delayedStart=false
2025-01-21 11:20:31,533 INFO o.a.j.t.JMeterThread: Thread started: Patch Req 4-1
2025-01-21 11:20:31,533 INFO o.a.j.t.ThreadGroup: Started thread group number 5
2025-01-21 11:20:31,533 INFO o.a.j.e.StandardJMeterEngine: All thread groups have been started
2025-01-21 11:20:31,536 INFO o.a.j.t.JMeterThread: Thread started: Delete Req 5-1
2025-01-21 11:20:31,598 INFO o.a.j.t.JMeterThread: Thread is done: Get Req 1-1
2025-01-21 11:20:31,598 INFO o.a.j.t.JMeterThread: Thread finished: Get Req 1-1
2025-01-21 11:20:31,849 INFO o.a.j.t.JMeterThread: Thread is done: Delete Req 5-1
2025-01-21 11:20:31,849 INFO o.a.j.t.JMeterThread: Thread finished: Delete Req 5-1
2025-01-21 11:20:31,866 INFO o.a.j.t.JMeterThread: Thread is done: Patch Req 4-1
2025-01-21 11:20:31,866 INFO o.a.j.t.JMeterThread: Thread finished: Patch Req 4-1
2025-01-21 11:20:31,875 INFO o.a.j.t.JMeterThread: Thread is done: Put Req 3-1
2025-01-21 11:20:31,875 INFO o.a.j.t.JMeterThread: Thread finished: Put Req 3-1
2025-01-21 11:20:31,879 INFO o.a.j.t.JMeterThread: Thread is done: Post Req 2-1
2025-01-21 11:20:31,879 INFO o.a.j.t.JMeterThread: Thread finished: Post Req 2-1
2025-01-21 11:20:31,879 INFO o.a.j.e.StandardJMeterEngine: Notifying test listeners of end of test
2025-01-21 11:20:31,879 INFO o.a.j.g.u.JMeterMenuBar: setRunning(false, *local*)
